[35m[Appium][39m Welcome to Appium v1.22.2
[35m[Appium][39m Non-default server args:
[35m[Appium][39m   port: 1344
[35m[Appium][39m   loglevel: info
[35m[Appium][39m   tmpDir: C:\Users\MAULAN~1\AppData\Local\Temp\\Katalon\Appium\Temp1641887101831
[35m[Appium][39m   chromedriverPort: 1345
[35m[Appium][39m Deprecated server args:
[35m[Appium][39m   [31m--chromedriver-port[39m => --default-capabilities
[35m[Appium][39m Default capabilities, which will be added to each request unless overridden by desired capabilities:
[35m[Appium][39m   chromedriverPort: 1345
[35m[Appium][39m Appium REST http interface listener started on 0.0.0.0:1344
[35m[HTTP][39m [37m-->[39m [37mGET[39m [37m/wd/hub/status[39m
[35m[HTTP][39m [90m{}[39m
[35m[HTTP][39m [37m<-- GET /wd/hub/status [39m[32m200[39m [90m11 ms - 68[39m
[35m[HTTP][39m [90m[39m
[35m[HTTP][39m [37m-->[39m [37mGET[39m [37m/wd/hub/status[39m
[35m[HTTP][39m [90m{}[39m
[35m[HTTP][39m [37m<-- GET /wd/hub/status [39m[32m200[39m [90m3 ms - 68[39m
[35m[HTTP][39m [90m[39m
[35m[HTTP][39m [37m-->[39m [37mPOST[39m [37m/wd/hub/session[39m
[35m[HTTP][39m [90m{"desiredCapabilities":{"app":"D:\\Users\\Maulana Yusuf\\kuliah\\MAGANG\\appk.apk","noReset":true,"deviceName":"samsung SM-A520F (Android 8.0.0)","fullReset":false,"platform":"ANDROID","newCommandTimeout":1800,"platformVersion":"8.0.0","automationName":"uiautomator2","autoGrantPermissions":true,"platformName":"Android","udid":"52106cd2fc881463","systemPort":1351},"capabilities":{"firstMatch":[{"appium:app":"D:\\Users\\Maulana Yusuf\\kuliah\\MAGANG\\appk.apk","appium:autoGrantPermissions":true,"appium:automationName":"uiautomator2","appium:deviceName":"samsung SM-A520F (Android 8.0.0)","appium:fullReset":false,"appium:newCommandTimeout":1800,"appium:noReset":true,"platform":"ANDROID","platformName":"android","appium:platformVersion":"8.0.0","appium:systemPort":1351,"appium:udid":"52106cd2fc881463"}]}}[39m
[35m[BaseDriver][39m The following capabilities are not standard capabilities and should have an extension prefix:
[35m[BaseDriver][39m   platform
[35m[BaseDriver][39m   chromedriverPort
[35m[Appium][39m Appium v1.22.2 creating new AndroidUiautomator2Driver (v1.70.1) session
[35m[BaseDriver][39m The following capabilities were provided, but are not recognized by Appium:
[35m[BaseDriver][39m   platform
[35m[BaseDriver][39m Session created with session id: ca8aac53-31de-4d89-ae9e-9b8d733e0e57
[35m[BaseDriver][39m Using local app 'D:\Users\Maulana Yusuf\kuliah\MAGANG\appk.apk'
[35m[ADB][39m Found 4 'build-tools' folders under 'C:\Users\Maulana Yusuf\AppData\Local\Android\Sdk' (newest first):
[35m[ADB][39m     C:/Users/Maulana Yusuf/AppData/Local/Android/Sdk/build-tools/31.0.0
[35m[ADB][39m     C:/Users/Maulana Yusuf/AppData/Local/Android/Sdk/build-tools/30.0.2
[35m[ADB][39m     C:/Users/Maulana Yusuf/AppData/Local/Android/Sdk/build-tools/29.0.2
[35m[ADB][39m     C:/Users/Maulana Yusuf/AppData/Local/Android/Sdk/build-tools/28.0.3
[35m[ADB][39m Using 'adb.exe' from 'C:\Users\Maulana Yusuf\AppData\Local\Android\Sdk\platform-tools\adb.exe'
[35m[AndroidDriver][39m Retrieving device list
[35m[AndroidDriver][39m Using device: 52106cd2fc881463
[35m[ADB][39m Using 'adb.exe' from 'C:\Users\Maulana Yusuf\AppData\Local\Android\Sdk\platform-tools\adb.exe'
[35m[ADB][39m Package name: 'com.pijarbelajar'
[35m[ADB][39m Main activity name: 'com.pijarbelajar.MainActivity'
[35m[ADB][39m Using 'apksigner.jar' from 'C:\Users\Maulana Yusuf\AppData\Local\Android\Sdk\build-tools\31.0.0\lib\apksigner.jar'
[35m[ADB][39m 'C:\Users\Maulana Yusuf\AppData\Roaming\npm\node_modules\appium\node_modules\appium-uiautomator2-server\apks\appium-uiautomator2-server-v4.27.0.apk' is signed with the default certificate
[35m[ADB][39m 'C:\Users\Maulana Yusuf\AppData\Roaming\npm\node_modules\appium\node_modules\appium-uiautomator2-server\apks\appium-uiautomator2-server-debug-androidTest.apk' is signed with the default certificate
[35m[UiAutomator2][39m Server packages are not going to be (re)installed
[35m[ADB][39m Adding packages ["io.appium.settings","io.appium.uiautomator2.server","io.appium.uiautomator2.server.test"] to Doze whitelist
[35m[ADB][39m 'D:\Users\Maulana Yusuf\kuliah\MAGANG\appk.apk' is signed with a non-default certificate
[35m[ADB][39m The application at 'D:\Users\Maulana Yusuf\kuliah\MAGANG\appk.apk' will not be cached, because the device under test has confirmed the support of streamed installs
[35m[ADB][39m The installation of 'appk.apk' took 14883ms
[35m[UiAutomator2][39m Starting UIAutomator2 server 4.27.0
[35m[UiAutomator2][39m Using UIAutomator2 server from 'C:\Users\Maulana Yusuf\AppData\Roaming\npm\node_modules\appium\node_modules\appium-uiautomator2-server\apks\appium-uiautomator2-server-v4.27.0.apk' and test from 'C:\Users\Maulana Yusuf\AppData\Roaming\npm\node_modules\appium\node_modules\appium-uiautomator2-server\apks\appium-uiautomator2-server-debug-androidTest.apk'
[35m[UiAutomator2][39m Waiting up to 30000ms for UiAutomator2 to be online...
[35m[WD Proxy][39m socket hang up
[35m[WD Proxy][39m socket hang up
[35m[WD Proxy][39m socket hang up
[35m[WD Proxy][39m socket hang up
[35m[WD Proxy][39m socket hang up
[35m[WD Proxy][39m socket hang up
[35m[WD Proxy][39m Determined the downstream protocol as 'W3C'
[35m[AndroidDriver][39m Screen already unlocked, doing nothing
[35m[UiAutomator2][39m Starting 'com.pijarbelajar/com.pijarbelajar.MainActivity and waiting for 'com.pijarbelajar/com.pijarbelajar.MainActivity'
[35m[Appium][39m New AndroidUiautomator2Driver session created successfully, session ca8aac53-31de-4d89-ae9e-9b8d733e0e57 added to master session list
[35m[HTTP][39m [37m<-- POST /wd/hub/session [39m[32m200[39m [90m38168 ms - 1273[39m
[35m[HTTP][39m [90m[39m
[35m[HTTP][39m [37m-->[39m [37mGET[39m [37m/wd/hub/session/ca8aac53-31de-4d89-ae9e-9b8d733e0e57[39m
[35m[HTTP][39m [90m{}[39m
[35m[HTTP][39m [37m<-- GET /wd/hub/session/ca8aac53-31de-4d89-ae9e-9b8d733e0e57 [39m[32m200[39m [90m31 ms - 1227[39m
[35m[HTTP][39m [90m[39m
[35m[HTTP][39m [37m-->[39m [37mGET[39m [37m/wd/hub/session/ca8aac53-31de-4d89-ae9e-9b8d733e0e57[39m
[35m[HTTP][39m [90m{}[39m
[35m[HTTP][39m [37m<-- GET /wd/hub/session/ca8aac53-31de-4d89-ae9e-9b8d733e0e57 [39m[32m200[39m [90m29 ms - 1227[39m
[35m[HTTP][39m [90m[39m
[35m[HTTP][39m [37m-->[39m [37mGET[39m [37m/wd/hub/status[39m
[35m[HTTP][39m [90m{}[39m
[35m[HTTP][39m [37m<-- GET /wd/hub/status [39m[32m200[39m [90m1 ms - 68[39m
[35m[HTTP][39m [90m[39m
[35m[HTTP][39m [37m-->[39m [37mPOST[39m [37m/wd/hub/session/ca8aac53-31de-4d89-ae9e-9b8d733e0e57/timeouts[39m
[35m[HTTP][39m [90m{"implicit":60000}[39m
[35m[HTTP][39m [37m<-- POST /wd/hub/session/ca8aac53-31de-4d89-ae9e-9b8d733e0e57/timeouts [39m[32m200[39m [90m4 ms - 14[39m
[35m[HTTP][39m [90m[39m
[35m[HTTP][39m [37m-->[39m [37mGET[39m [37m/wd/hub/session/ca8aac53-31de-4d89-ae9e-9b8d733e0e57/source[39m
[35m[HTTP][39m [90m{}[39m
[35m[W3C (ca8aac53)][39m Driver proxy active, passing request on via HTTP proxy
[35m[WD Proxy][39m Replacing sessionId c8979e5b-8d77-4892-a710-21807a9bb971 with ca8aac53-31de-4d89-ae9e-9b8d733e0e57
[35m[HTTP][39m [37m<-- GET /wd/hub/session/ca8aac53-31de-4d89-ae9e-9b8d733e0e57/source [39m[32m200[39m [90m188 ms - 2748[39m
[35m[HTTP][39m [90m[39m
[35m[HTTP][39m [37m-->[39m [37mGET[39m [37m/wd/hub/session/ca8aac53-31de-4d89-ae9e-9b8d733e0e57/screenshot[39m
[35m[HTTP][39m [90m{}[39m
[35m[HTTP][39m [37m<-- GET /wd/hub/session/ca8aac53-31de-4d89-ae9e-9b8d733e0e57/screenshot [39m[32m200[39m [90m974 ms - 33470[39m
[35m[HTTP][39m [90m[39m
[35m[HTTP][39m [37m-->[39m [37mGET[39m [37m/wd/hub/session/ca8aac53-31de-4d89-ae9e-9b8d733e0e57/source[39m
[35m[HTTP][39m [90m{}[39m
[35m[W3C (ca8aac53)][39m Driver proxy active, passing request on via HTTP proxy
[35m[WD Proxy][39m Replacing sessionId c8979e5b-8d77-4892-a710-21807a9bb971 with ca8aac53-31de-4d89-ae9e-9b8d733e0e57
[35m[HTTP][39m [37m<-- GET /wd/hub/session/ca8aac53-31de-4d89-ae9e-9b8d733e0e57/source [39m[32m200[39m [90m604 ms - 14968[39m
[35m[HTTP][39m [90m[39m
[35m[HTTP][39m [37m-->[39m [37mGET[39m [37m/wd/hub/session/ca8aac53-31de-4d89-ae9e-9b8d733e0e57/screenshot[39m
[35m[HTTP][39m [90m{}[39m
[35m[HTTP][39m [37m<-- GET /wd/hub/session/ca8aac53-31de-4d89-ae9e-9b8d733e0e57/screenshot [39m[32m200[39m [90m1111 ms - 343226[39m
[35m[HTTP][39m [90m[39m
[35m[HTTP][39m [37m-->[39m [37mDELETE[39m [37m/wd/hub/session/ca8aac53-31de-4d89-ae9e-9b8d733e0e57[39m
[35m[HTTP][39m [90m{}[39m
[35m[Appium][39m Removing session ca8aac53-31de-4d89-ae9e-9b8d733e0e57 from our master session list
[35m[HTTP][39m [37m<-- DELETE /wd/hub/session/ca8aac53-31de-4d89-ae9e-9b8d733e0e57 [39m[32m200[39m [90m336 ms - 14[39m
[35m[HTTP][39m [90m[39m
